#
# There is insufficient memory for the Java Runtime Environment to continue.
# Native memory allocation (malloc) failed to allocate 1077776 bytes for Chunk::new
# Possible reasons:
#   The system is out of physical RAM or swap space
#   In 32 bit mode, the process size limit was hit
# Possible solutions:
#   Reduce memory load on the system
#   Increase physical memory or swap space
#   Check if swap backing store is full
#   Use 64 bit Java on a 64 bit OS
#   Decrease Java heap size (-Xmx/-Xms)
#   Decrease number of Java threads
#   Decrease Java thread stack sizes (-Xss)
#   Set larger code cache with -XX:ReservedCodeCacheSize=
# This output file may be truncated or incomplete.
#
#  Out of Memory Error (allocation.cpp:323), pid=58112, tid=57296
#
# JRE version: Java(TM) SE Runtime Environment (7.0_75-b13) (build 1.7.0_75-b13)
# Java VM: Java HotSpot(TM) 64-Bit Server VM (24.75-b04 mixed mode windows-amd64 compressed oops)
# Failed to write core dump. Minidumps are not enabled by default on client versions of Windows
#

---------------  T H R E A D  ---------------

Current thread (0x00000000084f4000):  JavaThread "C2 CompilerThread0" daemon [_thread_in_native, id=57296, stack(0x0000000009a70000,0x0000000009b70000)]

Stack: [0x0000000009a70000,0x0000000009b70000]
[error occurred during error reporting (printing stack bounds), id 0xc0000005]


Current CompileTask:
C2:  28864  629   !         com.android.dx.cf.code.BytecodeArray::parseInstruction (2764 bytes)


---------------  P R O C E S S  ---------------

Java Threads: ( => current thread )
  0x0000000008508000 JavaThread "Service Thread" daemon [_thread_blocked, id=58888, stack(0x0000000009c70000,0x0000000009d70000)]
  0x00000000084f6000 JavaThread "C2 CompilerThread1" daemon [_thread_blocked, id=55676, stack(0x0000000009b70000,0x0000000009c70000)]
=>0x00000000084f4000 JavaThread "C2 CompilerThread0" daemon [_thread_in_native, id=57296, stack(0x0000000009a70000,0x0000000009b70000)]
  0x00000000084f3000 JavaThread "Attach Listener" daemon [_thread_blocked, id=57652, stack(0x0000000009970000,0x0000000009a70000)]
  0x00000000084f0000 JavaThread "Signal Dispatcher" daemon [_thread_blocked, id=58884, stack(0x0000000009870000,0x0000000009970000)]
  0x00000000084b9800 JavaThread "Finalizer" daemon [_thread_blocked, id=56168, stack(0x0000000009770000,0x0000000009870000)]
  0x00000000084b6000 JavaThread "Reference Handler" daemon [_thread_blocked, id=56132, stack(0x0000000009670000,0x0000000009770000)]
  0x0000000002541000 JavaThread "main" [_thread_blocked, id=57736, stack(0x0000000002440000,0x0000000002540000)]

Other Threads:
  0x00000000084b1000 VMThread [stack: 0x0000000009570000,0x0000000009670000] [id=55104]
  0x0000000008512800 WatcherThread [stack: 0x0000000009d70000,0x0000000009e70000] [id=57556]

VM state:at safepoint (normal execution)

VM Mutex/Monitor currently owned by a thread:  ([mutex/lock_event])
[0x000000000233c3e0] Threads_lock - owner thread: 0x00000000084b1000
[0x000000000233c660] Heap_lock - owner thread: 0x0000000002541000

Heap
 PSYoungGen      total 153088K, used 136771K [0x00000000eaa80000, 0x00000000f6600000, 0x0000000100000000)
  eden space 115200K, 100% used [0x00000000eaa80000,0x00000000f1b00000,0x00000000f1b00000)
  from space 37888K, 56% used [0x00000000f4100000,0x00000000f5610f78,0x00000000f6600000)
  to   space 38400K, 26% used [0x00000000f1b00000,0x00000000f2515be8,0x00000000f4080000)
 ParOldGen       total 114688K, used 82878K [0x00000000c0000000, 0x00000000c7000000, 0x00000000eaa80000)
  object space 114688K, 72% used [0x00000000c0000000,0x00000000c50ef818,0x00000000c7000000)
 PSPermGen       total 21504K, used 5505K [0x00000000bae00000, 0x00000000bc300000, 0x00000000c0000000)
  object space 21504K, 25% used [0x00000000bae00000,0x00000000bb360720,0x00000000bc300000)

Card table byte_map: [0x0000000005700000,0x0000000005930000] byte_map_base: 0x0000000005129000

Polling page: 0x00000000022d0000

Code Cache  [0x0000000002640000, 0x00000000028b0000, 0x0000000005640000)
 total_blobs=767 nmethods=534 adapters=186 free_code_cache=47093Kb largest_free_block=48014400

Compilation events (10 events):
Event: 28.361 Thread 0x00000000084f4000 nmethod 625 0x00000000026d3fd0 code [0x00000000026d4520, 0x00000000026d68e0]
Event: 28.406 Thread 0x00000000084f6000  626             com.android.dx.rop.cst.CstLiteral32::hashCode (5 bytes)
Event: 28.406 Thread 0x00000000084f6000 nmethod 626 0x0000000002722350 code [0x0000000002722480, 0x00000000027224d8]
Event: 28.483 Thread 0x00000000084f4000  627             java.lang.AbstractStringBuilder::ensureCapacityInternal (16 bytes)
Event: 28.487 Thread 0x00000000084f4000 nmethod 627 0x000000000270cd10 code [0x000000000270ce60, 0x000000000270d0d8]
Event: 28.499 Thread 0x00000000084f6000  628             com.android.dx.cf.code.BasicBlocker::visitLocal (34 bytes)
Event: 28.501 Thread 0x00000000084f6000 nmethod 628 0x000000000272bc50 code [0x000000000272bda0, 0x000000000272bf68]
Event: 28.509 Thread 0x00000000084f4000  629   !         com.android.dx.cf.code.BytecodeArray::parseInstruction (2764 bytes)
Event: 28.514 Thread 0x00000000084f6000  630             com.android.dx.cf.code.BasicBlocker::visitNoArgs (298 bytes)
Event: 28.527 Thread 0x00000000084f6000 nmethod 630 0x0000000002765810 code [0x0000000002765aa0, 0x00000000027660e0]

GC Heap History (10 events):
Event: 13.629 GC heap before
{Heap before GC invocations=9 (full 1):
 PSYoungGen      total 97792K, used 97776K [0x00000000eaa80000, 0x00000000f6880000, 0x0000000100000000)
  eden space 65024K, 100% used [0x00000000eaa80000,0x00000000eea00000,0x00000000eea00000)
  from space 32768K, 99% used [0x00000000eea00000,0x00000000f09fc1a0,0x00000000f0a00000)
  to   space 40448K, 0% used [0x00000000f4100000,0x00000000f4100000,0x00000000f6880000)
 ParOldGen       total 95744K, used 73839K [0x00000000c0000000, 0x00000000c5d80000, 0x00000000eaa80000)
  object space 95744K, 77% used [0x00000000c0000000,0x00000000c481beb0,0x00000000c5d80000)
 PSPermGen       total 21504K, used 5481K [0x00000000bae00000, 0x00000000bc300000, 0x00000000c0000000)
  object space 21504K, 25% used [0x00000000bae00000,0x00000000bb35a7c0,0x00000000bc300000)
Event: 13.933 GC heap after
Heap after GC invocations=9 (full 1):
 PSYoungGen      total 97792K, used 97776K [0x00000000eaa80000, 0x00000000f6880000, 0x0000000100000000)
  eden space 65024K, 100% used [0x00000000eaa80000,0x00000000eea00000,0x00000000eea00000)
  from space 32768K, 99% used [0x00000000eea00000,0x00000000f09fc1a0,0x00000000f0a00000)
  to   space 40448K, 99% used [0x00000000f4100000,0x00000000f687c558,0x00000000f6880000)
 ParOldGen       total 101376K, used 100871K [0x00000000c0000000, 0x00000000c6300000, 0x00000000eaa80000)
  object space 101376K, 99% used [0x00000000c0000000,0x00000000c6281eb0,0x00000000c6300000)
 PSPermGen       total 21504K, used 5481K [0x00000000bae00000, 0x00000000bc300000, 0x00000000c0000000)
  object space 21504K, 25% used [0x00000000bae00000,0x00000000bb35a7c0,0x00000000bc300000)
}
Event: 13.933 GC heap before
{Heap before GC invocations=10 (full 2):
 PSYoungGen      total 97792K, used 97776K [0x00000000eaa80000, 0x00000000f6880000, 0x0000000100000000)
  eden space 65024K, 100% used [0x00000000eaa80000,0x00000000eea00000,0x00000000eea00000)
  from space 32768K, 99% used [0x00000000eea00000,0x00000000f09fc1a0,0x00000000f0a00000)
  to   space 40448K, 99% used [0x00000000f4100000,0x00000000f687c558,0x00000000f6880000)
 ParOldGen       total 101376K, used 100871K [0x00000000c0000000, 0x00000000c6300000, 0x00000000eaa80000)
  object space 101376K, 99% used [0x00000000c0000000,0x00000000c6281eb0,0x00000000c6300000)
 PSPermGen       total 21504K, used 5481K [0x00000000bae00000, 0x00000000bc300000, 0x00000000c0000000)
  object space 21504K, 25% used [0x00000000bae00000,0x00000000bb35a7c0,0x00000000bc300000)
Event: 14.320 GC heap after
Heap after GC invocations=10 (full 2):
 PSYoungGen      total 97792K, used 0K [0x00000000eaa80000, 0x00000000f6880000, 0x0000000100000000)
  eden space 65024K, 0% used [0x00000000eaa80000,0x00000000eaa80000,0x00000000eea00000)
  from space 32768K, 0% used [0x00000000eea00000,0x00000000eea00000,0x00000000f0a00000)
  to   space 40448K, 0% used [0x00000000f4100000,0x00000000f4100000,0x00000000f6880000)
 ParOldGen       total 114688K, used 55556K [0x00000000c0000000, 0x00000000c7000000, 0x00000000eaa80000)
  object space 114688K, 48% used [0x00000000c0000000,0x00000000c3641030,0x00000000c7000000)
 PSPermGen       total 21504K, used 5480K [0x00000000bae00000, 0x00000000bc300000, 0x00000000c0000000)
  object space 21504K, 25% used [0x00000000bae00000,0x00000000bb35a160,0x00000000bc300000)
}
Event: 15.815 GC heap before
{Heap before GC invocations=11 (full 2):
 PSYoungGen      total 97792K, used 65024K [0x00000000eaa80000, 0x00000000f6880000, 0x0000000100000000)
  eden space 65024K, 100% used [0x00000000eaa80000,0x00000000eea00000,0x00000000eea00000)
  from space 32768K, 0% used [0x00000000eea00000,0x00000000eea00000,0x00000000f0a00000)
  to   space 40448K, 0% used [0x00000000f4100000,0x00000000f4100000,0x00000000f6880000)
 ParOldGen       total 114688K, used 55556K [0x00000000c0000000, 0x00000000c7000000, 0x00000000eaa80000)
  object space 114688K, 48% used [0x00000000c0000000,0x00000000c3641030,0x00000000c7000000)
 PSPermGen       total 21504K, used 5502K [0x00000000bae00000, 0x00000000bc300000, 0x00000000c0000000)
  object space 21504K, 25% used [0x00000000bae00000,0x00000000bb35f828,0x00000000bc300000)
Event: 15.892 GC heap after
Heap after GC invocations=11 (full 2):
 PSYoungGen      total 153088K, used 20813K [0x00000000eaa80000, 0x00000000f6600000, 0x0000000100000000)
  eden space 115200K, 0% used [0x00000000eaa80000,0x00000000eaa80000,0x00000000f1b00000)
  from space 37888K, 54% used [0x00000000f4100000,0x00000000f55535f0,0x00000000f6600000)
  to   space 38400K, 0% used [0x00000000f1b00000,0x00000000f1b00000,0x00000000f4080000)
 ParOldGen       total 114688K, used 55556K [0x00000000c0000000, 0x00000000c7000000, 0x00000000eaa80000)
  object space 114688K, 48% used [0x00000000c0000000,0x00000000c3641030,0x00000000c7000000)
 PSPermGen       total 21504K, used 5502K [0x00000000bae00000, 0x00000000bc300000, 0x00000000c0000000)
  object space 21504K, 25% used [0x00000000bae00000,0x00000000bb35f828,0x00000000bc300000)
}
Event: 19.705 GC heap before
{Heap before GC invocations=12 (full 2):
 PSYoungGen      total 153088K, used 136013K [0x00000000eaa80000, 0x00000000f6600000, 0x0000000100000000)
  eden space 115200K, 100% used [0x00000000eaa80000,0x00000000f1b00000,0x00000000f1b00000)
  from space 37888K, 54% used [0x00000000f4100000,0x00000000f55535f0,0x00000000f6600000)
  to   space 38400K, 0% used [0x00000000f1b00000,0x00000000f1b00000,0x00000000f4080000)
 ParOldGen       total 114688K, used 55556K [0x00000000c0000000, 0x00000000c7000000, 0x00000000eaa80000)
  object space 114688K, 48% used [0x00000000c0000000,0x00000000c3641030,0x00000000c7000000)
 PSPermGen       total 21504K, used 5503K [0x00000000bae00000, 0x00000000bc300000, 0x00000000c0000000)
  object space 21504K, 25% used [0x00000000bae00000,0x00000000bb35fc20,0x00000000bc300000)
Event: 19.863 GC heap after
Heap after GC invocations=12 (full 2):
 PSYoungGen      total 153600K, used 27797K [0x00000000eaa80000, 0x00000000f6600000, 0x0000000100000000)
  eden space 115200K, 0% used [0x00000000eaa80000,0x00000000eaa80000,0x00000000f1b00000)
  from space 38400K, 72% used [0x00000000f1b00000,0x00000000f36256c0,0x00000000f4080000)
  to   space 37888K, 0% used [0x00000000f4100000,0x00000000f4100000,0x00000000f6600000)
 ParOldGen       total 114688K, used 55564K [0x00000000c0000000, 0x00000000c7000000, 0x00000000eaa80000)
  object space 114688K, 48% used [0x00000000c0000000,0x00000000c3643030,0x00000000c7000000)
 PSPermGen       total 21504K, used 5503K [0x00000000bae00000, 0x00000000bc300000, 0x00000000c0000000)
  object space 21504K, 25% used [0x00000000bae00000,0x00000000bb35fc20,0x00000000bc300000)
}
Event: 24.340 GC heap before
{Heap before GC invocations=13 (full 2):
 PSYoungGen      total 153600K, used 142997K [0x00000000eaa80000, 0x00000000f6600000, 0x0000000100000000)
  eden space 115200K, 100% used [0x00000000eaa80000,0x00000000f1b00000,0x00000000f1b00000)
  from space 38400K, 72% used [0x00000000f1b00000,0x00000000f36256c0,0x00000000f4080000)
  to   space 37888K, 0% used [0x00000000f4100000,0x00000000f4100000,0x00000000f6600000)
 ParOldGen       total 114688K, used 55564K [0x00000000c0000000, 0x00000000c7000000, 0x00000000eaa80000)
  object space 114688K, 48% used [0x00000000c0000000,0x00000000c3643030,0x00000000c7000000)
 PSPermGen       total 21504K, used 5503K [0x00000000bae00000, 0x00000000bc300000, 0x00000000c0000000)
  object space 21504K, 25% used [0x00000000bae00000,0x00000000bb35ff88,0x00000000bc300000)
Event: 24.518 GC heap after
Heap after GC invocations=13 (full 2):
 PSYoungGen      total 153088K, used 21571K [0x00000000eaa80000, 0x00000000f6600000, 0x0000000100000000)
  eden space 115200K, 0% used [0x00000000eaa80000,0x00000000eaa80000,0x00000000f1b00000)
  from space 37888K, 56% used [0x00000000f4100000,0x00000000f5610f78,0x00000000f6600000)
  to   space 38400K, 0% used [0x00000000f1b00000,0x00000000f1b00000,0x00000000f4080000)
 ParOldGen       total 114688K, used 67803K [0x00000000c0000000, 0x00000000c7000000, 0x00000000eaa80000)
  object space 114688K, 59% used [0x00000000c0000000,0x00000000c4236ed8,0x00000000c7000000)
 PSPermGen       total 21504K, used 5503K [0x00000000bae00000, 0x00000000bc300000, 0x00000000c0000000)
  object space 21504K, 25% used [0x00000000bae00000,0x00000000bb35ff88,0x00000000bc300000)
}

Deoptimization events (10 events):
Event: 14.889 Thread 0x0000000002541000 Uncommon trap: reason=unreached action=reinterpret pc=0x0000000002748af8 method=com.android.dx.ssa.SsaMethod.getDefinitionForRegister(I)Lcom/android/dx/ssa/SsaInsn; @ 21
Event: 14.977 Thread 0x0000000002541000 Uncommon trap: reason=bimorphic action=maybe_recompile pc=0x000000000281d8a0 method=com.android.dx.cf.code.BytecodeArray.parseInstruction(ILcom/android/dx/cf/code/BytecodeArray$Visitor;)I @ 2484
Event: 14.978 Thread 0x0000000002541000 Uncommon trap: reason=bimorphic action=maybe_recompile pc=0x000000000281d8a0 method=com.android.dx.cf.code.BytecodeArray.parseInstruction(ILcom/android/dx/cf/code/BytecodeArray$Visitor;)I @ 2484
Event: 16.084 Thread 0x0000000002541000 Uncommon trap: reason=class_check action=maybe_recompile pc=0x000000000278dc28 method=com.android.dx.ssa.SsaConverter.placePhiFunctions(Lcom/android/dx/ssa/SsaMethod;Lcom/android/dx/ssa/LocalVariableInfo;I)V @ 257
Event: 17.028 Thread 0x0000000002541000 Uncommon trap: reason=uninitialized action=reinterpret pc=0x000000000281a8fc method=com.android.dx.cf.code.BytecodeArray.parseInstruction(ILcom/android/dx/cf/code/BytecodeArray$Visitor;)I @ 1079
Event: 20.032 Thread 0x0000000002541000 Uncommon trap: reason=class_check action=maybe_recompile pc=0x000000000278dc28 method=com.android.dx.ssa.SsaConverter.placePhiFunctions(Lcom/android/dx/ssa/SsaMethod;Lcom/android/dx/ssa/LocalVariableInfo;I)V @ 257
Event: 28.364 Thread 0x0000000002541000 Uncommon trap: reason=bimorphic action=maybe_recompile pc=0x000000000283290c method=com.android.dx.rop.code.Rops.opMoveResultPseudo(Lcom/android/dx/rop/type/TypeBearer;)Lcom/android/dx/rop/code/Rop; @ 7
Event: 28.365 Thread 0x0000000002541000 Uncommon trap: reason=class_check action=maybe_recompile pc=0x0000000002864d58 method=com.android.dx.ssa.ConstCollector.getConstsSortedByCountUse()Ljava/util/ArrayList; @ 168
Event: 28.493 Thread 0x0000000002541000 Uncommon trap: reason=bimorphic action=maybe_recompile pc=0x00000000026e1c14 method=com.android.dx.cf.code.BytecodeArray.parseInstruction(ILcom/android/dx/cf/code/BytecodeArray$Visitor;)I @ 1161
Event: 28.493 Thread 0x0000000002541000 Uncommon trap: reason=bimorphic action=maybe_recompile pc=0x00000000026e1c14 method=com.android.dx.cf.code.BytecodeArray.parseInstruction(ILcom/android/dx/cf/code/BytecodeArray$Visitor;)I @ 1161

Internal exceptions (8 events):
Event: 0.109 Thread 0x0000000002541000 Threw 0x00000000eaa8a320 at C:\re\jdk7u75\1940\hotspot\src\share\vm\prims\jni.cpp:3991
Event: 6.640 Thread 0x0000000002541000 Implicit null exception at 0x0000000002769668 to 0x000000000276a081
Event: 6.641 Thread 0x0000000002541000 Implicit null exception at 0x000000000273b3e4 to 0x000000000273c1c5
Event: 6.667 Thread 0x0000000002541000 Implicit null exception at 0x0000000002731d7a to 0x00000000027321f1
Event: 6.787 Thread 0x0000000002541000 Implicit null exception at 0x0000000002732ea9 to 0x0000000002732ee1
Event: 6.810 Thread 0x0000000002541000 Implicit null exception at 0x0000000002725c20 to 0x0000000002725c51
Event: 6.851 Thread 0x0000000002541000 Implicit null exception at 0x0000000002784100 to 0x0000000002784b9d
Event: 14.889 Thread 0x0000000002541000 Implicit null exception at 0x0000000002748a8e to 0x0000000002748ae5

Events (10 events):
Event: 28.364 Thread 0x0000000002541000 DEOPT UNPACKING pc=0x0000000002679064 sp=0x000000000253ea48 mode 2
Event: 28.365 Thread 0x0000000002541000 Uncommon trap: trap_request=0xffffffde fr.pc=0x0000000002864d58
Event: 28.365 Thread 0x0000000002541000 DEOPT PACKING pc=0x0000000002864d58 sp=0x000000000253eb60
Event: 28.365 Thread 0x0000000002541000 DEOPT UNPACKING pc=0x0000000002679064 sp=0x000000000253eae8 mode 2
Event: 28.493 Thread 0x0000000002541000 Uncommon trap: trap_request=0xffffffc6 fr.pc=0x00000000026e1c14
Event: 28.493 Thread 0x0000000002541000 DEOPT PACKING pc=0x00000000026e1c14 sp=0x000000000253ea20
Event: 28.493 Thread 0x0000000002541000 DEOPT UNPACKING pc=0x0000000002679064 sp=0x000000000253e9c8 mode 2
Event: 28.493 Thread 0x0000000002541000 Uncommon trap: trap_request=0xffffffc6 fr.pc=0x00000000026e1c14
Event: 28.493 Thread 0x0000000002541000 DEOPT PACKING pc=0x00000000026e1c14 sp=0x000000000253eaf0
Event: 28.493 Thread 0x0000000002541000 DEOPT UNPACKING pc=0x0000000002679064 sp=0x000000000253ea98 mode 2


Dynamic libraries:
0x00007ff6c0010000 - 0x00007ff6c0043000 	C:\PROGRA~1\Java\JDK17~1.0_7\bin\java.exe
0x00007fffab8e0000 - 0x00007fffaba9d000 	C:\Windows\SYSTEM32\ntdll.dll
0x00007fffab1c0000 - 0x00007fffab26f000 	C:\Windows\system32\KERNEL32.DLL
0x00007fffa8ce0000 - 0x00007fffa8eab000 	C:\Windows\system32\KERNELBASE.dll
0x00007fffa8f70000 - 0x00007fffa9015000 	C:\Windows\system32\ADVAPI32.dll
0x00007fffa9560000 - 0x00007fffa95fe000 	C:\Windows\system32\msvcrt.dll
0x00007fffab270000 - 0x00007fffab2ca000 	C:\Windows\system32\sechost.dll
0x00007fffa9820000 - 0x00007fffa994f000 	C:\Windows\system32\RPCRT4.dll
0x00007fffa9020000 - 0x00007fffa9193000 	C:\Windows\system32\USER32.dll
0x00007fffa9960000 - 0x00007fffa9adb000 	C:\Windows\system32\GDI32.dll
0x00007fffa64b0000 - 0x00007fffa671d000 	C:\Windows\WinSxS\amd64_microsoft.windows.common-controls_6595b64144ccf1df_6.0.9926.0_none_da567e195e60d6ea\COMCTL32.dll
0x00007fffab180000 - 0x00007fffab1b5000 	C:\Windows\system32\IMM32.DLL
0x00007fffa96c0000 - 0x00007fffa9814000 	C:\Windows\system32\MSCTF.dll
0x00007fffab820000 - 0x00007fffab8de000 	C:\Windows\system32\OLEAUT32.dll
0x00007fffab2d0000 - 0x00007fffab50e000 	C:\Windows\system32\combase.dll
0x0000000066050000 - 0x0000000066122000 	C:\PROGRA~1\Java\JDK17~1.0_7\jre\bin\msvcr100.dll
0x00000000665f0000 - 0x0000000066dc4000 	C:\PROGRA~1\Java\JDK17~1.0_7\jre\bin\server\jvm.dll
0x00007fffa9550000 - 0x00007fffa9557000 	C:\Windows\system32\PSAPI.DLL
0x00007fff99e80000 - 0x00007fff99e89000 	C:\Windows\SYSTEM32\WSOCK32.dll
0x00007fffa94f0000 - 0x00007fffa954a000 	C:\Windows\system32\WS2_32.dll
0x00007fffa9950000 - 0x00007fffa9958000 	C:\Windows\system32\NSI.dll
0x00007fffa6760000 - 0x00007fffa6782000 	C:\Windows\SYSTEM32\WINMM.dll
0x00007fffa6730000 - 0x00007fffa675b000 	C:\Windows\SYSTEM32\WINMMBASE.dll
0x00007fffa8c90000 - 0x00007fffa8cd3000 	C:\Windows\system32\cfgmgr32.dll
0x00007fffa7320000 - 0x00007fffa7347000 	C:\Windows\SYSTEM32\DEVOBJ.dll
0x0000000066500000 - 0x000000006650f000 	C:\PROGRA~1\Java\JDK17~1.0_7\jre\bin\verify.dll
0x00000000664d0000 - 0x00000000664f8000 	C:\PROGRA~1\Java\JDK17~1.0_7\jre\bin\java.dll
0x00000000664b0000 - 0x00000000664c5000 	C:\PROGRA~1\Java\JDK17~1.0_7\jre\bin\zip.dll
0x0000000066490000 - 0x00000000664a9000 	C:\Program Files\Java\jdk1.7.0_75\jre\bin\net.dll
0x00007fffa8150000 - 0x00007fffa81a8000 	C:\Windows\system32\mswsock.dll
0x0000000066470000 - 0x0000000066481000 	C:\Program Files\Java\jdk1.7.0_75\jre\bin\nio.dll

VM Arguments:
jvm_args: -Xmx1024M -Xss1m -Djava.ext.dirs=C:\Users\Ilakoze\Android\sdk\build-tools\21.1.2\lib 
java_command: C:\Users\Ilakoze\Android\sdk\build-tools\21.1.2\lib\dx.jar --dex --output C:\Users\Ilakoze\Desktop\DVS software\DVS software\DVS software\app\build\intermediates\pre-dexed\debug\classes-b11a2993aee3c9d392bf93e74b81b309f6bd0f03.jar C:\Users\Ilakoze\Desktop\DVS software\DVS software\DVS software\app\build\intermediates\exploded-aar\com.google.android.gms\play-services-analytics\7.0.0\classes.jar
Launcher Type: SUN_STANDARD

Environment Variables:
JAVA_HOME=C:\Program Files\Java\jdk1.7.0_75
PATH=C:\Python27\Scripts;C:\Python27\;C:\Program Files\Java\jdk1.7.0_75\bin;C:\Windows\system32;C:\Windows;C:\Windows\System32\Wbem;C:\Windows\System32\WindowsPowerShell\v1.0\
USERNAME=Ilakoze
OS=Windows_NT
PROCESSOR_IDENTIFIER=Intel64 Family 6 Model 37 Stepping 5, GenuineIntel



---------------  S Y S T E M  ---------------

OS: Windows 8.1 , 64 bit Build 9600 

CPU:total 4 (2 cores per cpu, 2 threads per core) family 6 model 37 stepping 5, cmov, cx8, fxsr, mmx, sse, sse2, sse3, ssse3, sse4.1, sse4.2, popcnt, ht, tsc, tscinvbit

Memory: 4k page, physical 5954256k(744168k free), swap 7881236k(5664k free)

vm_info: Java HotSpot(TM) 64-Bit Server VM (24.75-b04) for windows-amd64 JRE (1.7.0_75-b13), built on Dec 18 2014 17:15:01 by "java_re" with unknown MS VC++:1600

time: Sun May 03 01:16:15 2015
elapsed time: 28 seconds

